[0.525s] Invoking command in '/home/foiegreis/ros2_fndm_ws/build/cpp_pkg': CMAKE_PREFIX_PATH=${CMAKE_PREFIX_PATH}:/home/foiegreis/ros2_fndm_ws/install/py_actions:/home/foiegreis/ros2_fndm_ws/install/py_pkg:/home/foiegreis/ros2_ws_book/install/py_pkg:/home/foiegreis/ros2_ws/install/my_py_pkg:/home/foiegreis/ros2_ws/install/lab4:/home/foiegreis/ros2_ws/install/lab3:/home/foiegreis/ros2_ws/install/lab2:/home/foiegreis/ros2_ws/install/lab1:/opt/ros/iron /usr/bin/cmake /home/foiegreis/ros2_fndm_ws/src/cpp_pkg -DCMAKE_INSTALL_PREFIX=/home/foiegreis/ros2_fndm_ws/install/cpp_pkg
[1.029s] -- The C compiler identification is GNU 11.4.0
[1.029s] -- The CXX compiler identification is GNU 11.4.0
[1.029s] -- Detecting C compiler ABI info
[1.030s] -- Detecting C compiler ABI info - done
[1.030s] -- Check for working C compiler: /usr/bin/cc - skipped
[1.030s] -- Detecting C compile features
[1.031s] -- Detecting C compile features - done
[1.031s] -- Detecting CXX compiler ABI info
[1.032s] -- Detecting CXX compiler ABI info - done
[1.032s] -- Check for working CXX compiler: /usr/bin/c++ - skipped
[1.032s] -- Detecting CXX compile features
[1.032s] -- Detecting CXX compile features - done
[1.032s] -- Found ament_cmake: 2.0.4 (/opt/ros/iron/share/ament_cmake/cmake)
[1.032s] -- Found Python3: /usr/bin/python3.10 (found version "3.10.12") found components: Interpreter 
[1.108s] -- Found rclcpp: 21.0.5 (/opt/ros/iron/share/rclcpp/cmake)
[1.179s] -- Found rosidl_generator_c: 4.0.1 (/opt/ros/iron/share/rosidl_generator_c/cmake)
[1.197s] -- Found rosidl_generator_cpp: 4.0.1 (/opt/ros/iron/share/rosidl_generator_cpp/cmake)
[1.221s] -- Using all available rosidl_typesupport_c: rosidl_typesupport_fastrtps_c;rosidl_typesupport_introspection_c
[1.259s] -- Using all available rosidl_typesupport_cpp: rosidl_typesupport_fastrtps_cpp;rosidl_typesupport_introspection_cpp
[1.460s] -- Found rmw_implementation_cmake: 7.1.0 (/opt/ros/iron/share/rmw_implementation_cmake/cmake)
[1.465s] -- Found rmw_fastrtps_cpp: 7.1.3 (/opt/ros/iron/share/rmw_fastrtps_cpp/cmake)
[1.599s] -- Found OpenSSL: /usr/lib/x86_64-linux-gnu/libcrypto.so (found version "3.0.2")  
[1.634s] -- Found FastRTPS: /opt/ros/iron/include  
[1.690s] -- Using RMW implementation 'rmw_fastrtps_cpp' as default
[1.913s] -- Found example_interfaces: 0.10.2 (/opt/ros/iron/share/example_interfaces/cmake)
[2.193s] -- Configuring done
[2.215s] -- Generating done
[2.216s] -- Build files have been written to: /home/foiegreis/ros2_fndm_ws/build/cpp_pkg
[2.225s] Invoked command in '/home/foiegreis/ros2_fndm_ws/build/cpp_pkg' returned '0': CMAKE_PREFIX_PATH=${CMAKE_PREFIX_PATH}:/home/foiegreis/ros2_fndm_ws/install/py_actions:/home/foiegreis/ros2_fndm_ws/install/py_pkg:/home/foiegreis/ros2_ws_book/install/py_pkg:/home/foiegreis/ros2_ws/install/my_py_pkg:/home/foiegreis/ros2_ws/install/lab4:/home/foiegreis/ros2_ws/install/lab3:/home/foiegreis/ros2_ws/install/lab2:/home/foiegreis/ros2_ws/install/lab1:/opt/ros/iron /usr/bin/cmake /home/foiegreis/ros2_fndm_ws/src/cpp_pkg -DCMAKE_INSTALL_PREFIX=/home/foiegreis/ros2_fndm_ws/install/cpp_pkg
[2.226s] Invoking command in '/home/foiegreis/ros2_fndm_ws/build/cpp_pkg': CMAKE_PREFIX_PATH=${CMAKE_PREFIX_PATH}:/home/foiegreis/ros2_fndm_ws/install/py_actions:/home/foiegreis/ros2_fndm_ws/install/py_pkg:/home/foiegreis/ros2_ws_book/install/py_pkg:/home/foiegreis/ros2_ws/install/my_py_pkg:/home/foiegreis/ros2_ws/install/lab4:/home/foiegreis/ros2_ws/install/lab3:/home/foiegreis/ros2_ws/install/lab2:/home/foiegreis/ros2_ws/install/lab1:/opt/ros/iron /usr/bin/cmake --build /home/foiegreis/ros2_fndm_ws/build/cpp_pkg -- -j12 -l12
[2.281s] [ 30%] [32mBuilding CXX object CMakeFiles/talker_cpp.dir/src/talker.cpp.o[0m
[2.281s] [ 30%] [32mBuilding CXX object CMakeFiles/listener_cpp.dir/src/listener.cpp.o[0m
[2.281s] [ 30%] [32mBuilding CXX object CMakeFiles/simple_node_cpp.dir/src/simple_node.cpp.o[0m
[2.282s] [ 40%] [32mBuilding CXX object CMakeFiles/sum_server_cpp.dir/src/sum_server.cpp.o[0m
[2.292s] [ 50%] [32mBuilding CXX object CMakeFiles/sum_client_cpp.dir/src/sum_client.cpp.o[0m
[7.248s] [01m[K/home/foiegreis/ros2_fndm_ws/src/cpp_pkg/src/listener.cpp:[m[K In constructor â€˜[01m[KListenerNode::ListenerNode()[m[Kâ€™:
[7.248s] [01m[K/home/foiegreis/ros2_fndm_ws/src/cpp_pkg/src/listener.cpp:12:49:[m[K [01;31m[Kerror: [m[Kâ€˜[01m[Kstd_msgs[m[Kâ€™ was not declared in this scope
[7.248s]    12 |         subscriber_ = this->create_subscription<[01;31m[Kstd_msgs[m[K::msg::String>(
[7.248s]       |                                                 [01;31m[K^~~~~~~~[m[K
[7.248s] [01m[K/home/foiegreis/ros2_fndm_ws/src/cpp_pkg/src/listener.cpp:12:29:[m[K [01;31m[Kerror: [m[Kparse error in template argument list
[7.248s]    12 |         subscriber_ = this->[01;31m[Kcreate_subscription<std_msgs::msg::String>[m[K(
[7.249s]       |                             [01;31m[K^~~~~~~~~~~~~~~~~~~~~~~~~~~~~~~~~~~~~~~~~~[m[K
[7.257s] [01m[K/home/foiegreis/ros2_fndm_ws/src/cpp_pkg/src/listener.cpp:12:71:[m[K [01;31m[Kerror: [m[Kno matching function for call to â€˜[01m[KListenerNode::create_subscription<<expression error> >(const char [9], int, std::_Bind_helper<false, void (ListenerNode::*)(const example_interfaces::msg::String_<std::allocator<void> >&) const, ListenerNode*, const std::_Placeholder<1>&>::type)[m[Kâ€™
[7.258s]    12 |         subscriber_ = [01;31m[Kthis->create_subscription<std_msgs::msg::String>([m[K
[7.258s]       |                       [01;31m[K~~~~~~~~~~~~~~~~~~~~~~~~~~~~~~~~~~~~~~~~~~~~~~~~^[m[K
[7.258s]    13 | [01;31m[K            "my_topic", 10, std::bind(&ListenerNode::listener_callback, this, _1))[m[K;
[7.258s]       |             [01;31m[K~~~~~~~~~~~~~~~~~~~~~~~~~~~~~~~~~~~~~~~~~~~~~~~~~~~~~~~~~~~~~~~~~~~~~~[m[K
[7.258s] In file included from [01m[K/opt/ros/iron/include/rclcpp/rclcpp/executors/single_threaded_executor.hpp:28[m[K,
[7.258s]                  from [01m[K/opt/ros/iron/include/rclcpp/rclcpp/executors.hpp:22[m[K,
[7.258s]                  from [01m[K/opt/ros/iron/include/rclcpp/rclcpp/rclcpp.hpp:167[m[K,
[7.259s]                  from [01m[K/home/foiegreis/ros2_fndm_ws/src/cpp_pkg/src/listener.cpp:1[m[K:
[7.259s] [01m[K/opt/ros/iron/include/rclcpp/rclcpp/node.hpp:220:3:[m[K [01;36m[Knote: [m[Kcandidate: â€˜[01m[Ktemplate<class MessageT, class CallbackT, class AllocatorT, class SubscriptionT, class MessageMemoryStrategyT> std::shared_ptr<ROSMessageT> rclcpp::Node::create_subscription(const string&, const rclcpp::QoS&, CallbackT&&, const rclcpp::SubscriptionOptionsWithAllocator<AllocatorT>&, typename MessageMemoryStrategyT::SharedPtr)[m[Kâ€™
[7.259s]   220 |   [01;36m[Kcreate_subscription[m[K(
[7.259s]       |   [01;36m[K^~~~~~~~~~~~~~~~~~~[m[K
[7.259s] [01m[K/opt/ros/iron/include/rclcpp/rclcpp/node.hpp:220:3:[m[K [01;36m[Knote: [m[K  template argument deduction/substitution failed:
[7.259s] [01m[K/home/foiegreis/ros2_fndm_ws/src/cpp_pkg/src/listener.cpp:12:71:[m[K [01;31m[Kerror: [m[Ktemplate argument 1 is invalid
[7.259s]    12 |         subscriber_ = [01;31m[Kthis->create_subscription<std_msgs::msg::String>([m[K
[7.259s]       |                       [01;31m[K~~~~~~~~~~~~~~~~~~~~~~~~~~~~~~~~~~~~~~~~~~~~~~~~^[m[K
[7.260s]    13 | [01;31m[K            "my_topic", 10, std::bind(&ListenerNode::listener_callback, this, _1))[m[K;
[7.260s]       |             [01;31m[K~~~~~~~~~~~~~~~~~~~~~~~~~~~~~~~~~~~~~~~~~~~~~~~~~~~~~~~~~~~~~~~~~~~~~~[m[K
[9.046s] gmake[2]: *** [CMakeFiles/listener_cpp.dir/build.make:76: CMakeFiles/listener_cpp.dir/src/listener.cpp.o] Error 1
[9.046s] gmake[1]: *** [CMakeFiles/Makefile2:197: CMakeFiles/listener_cpp.dir/all] Error 2
[9.046s] gmake[1]: *** Waiting for unfinished jobs....
[9.405s] [ 60%] [32m[1mLinking CXX executable simple_node_cpp[0m
[9.599s] [ 60%] Built target simple_node_cpp
[9.742s] [ 70%] [32m[1mLinking CXX executable sum_client_cpp[0m
[9.826s] [ 80%] [32m[1mLinking CXX executable sum_server_cpp[0m
[9.972s] [ 80%] Built target sum_client_cpp
[10.058s] [ 80%] Built target sum_server_cpp
[10.356s] [ 90%] [32m[1mLinking CXX executable talker_cpp[0m
[10.540s] [ 90%] Built target talker_cpp
[10.541s] gmake: *** [Makefile:146: all] Error 2
[10.543s] Invoked command in '/home/foiegreis/ros2_fndm_ws/build/cpp_pkg' returned '2': CMAKE_PREFIX_PATH=${CMAKE_PREFIX_PATH}:/home/foiegreis/ros2_fndm_ws/install/py_actions:/home/foiegreis/ros2_fndm_ws/install/py_pkg:/home/foiegreis/ros2_ws_book/install/py_pkg:/home/foiegreis/ros2_ws/install/my_py_pkg:/home/foiegreis/ros2_ws/install/lab4:/home/foiegreis/ros2_ws/install/lab3:/home/foiegreis/ros2_ws/install/lab2:/home/foiegreis/ros2_ws/install/lab1:/opt/ros/iron /usr/bin/cmake --build /home/foiegreis/ros2_fndm_ws/build/cpp_pkg -- -j12 -l12
